c:\users\ahieo\onedrive\робочий стіл\пк-51\пдс\лаб_7\source\lab7\x64\release\vc143.pdb
c:\users\ahieo\onedrive\робочий стіл\пк-51\пдс\лаб_7\source\lab7\x64\release\source.obj
c:\users\ahieo\onedrive\робочий стіл\пк-51\пдс\лаб_7\source\lab7\x64\release\pendantvertices.obj
c:\users\ahieo\onedrive\робочий стіл\пк-51\пдс\лаб_7\source\lab7\x64\release\pathutil.obj
c:\users\ahieo\onedrive\робочий стіл\пк-51\пдс\лаб_7\source\lab7\x64\release\isolatedvertices.obj
c:\users\ahieo\onedrive\робочий стіл\пк-51\пдс\лаб_7\source\lab7\x64\release\instructionutil.obj
c:\users\ahieo\onedrive\робочий стіл\пк-51\пдс\лаб_7\source\lab7\x64\release\graphreadinstr.obj
c:\users\ahieo\onedrive\робочий стіл\пк-51\пдс\лаб_7\source\lab7\x64\release\graphreader.obj
c:\users\ahieo\onedrive\робочий стіл\пк-51\пдс\лаб_7\source\lab7\x64\release\graphdegrees.obj
c:\users\ahieo\onedrive\робочий стіл\пк-51\пдс\лаб_7\source\lab7\x64\release\graphaddinstr.obj
c:\users\ahieo\onedrive\робочий стіл\пк-51\пдс\лаб_7\source\lab7\x64\release\graphadding.obj
c:\users\ahieo\onedrive\робочий стіл\пк-51\пдс\лаб_7\source\lab7\x64\release\graph.obj
c:\users\ahieo\onedrive\робочий стіл\пк-51\пдс\лаб_7\source\lab7\x64\release\lab7.ipdb
c:\users\ahieo\onedrive\робочий стіл\пк-51\пдс\лаб_7\source\lab7\x64\release\lab7.iobj
c:\users\ahieo\onedrive\робочий стіл\пк-51\пдс\лаб_7\source\lab7\x64\release\lab7.exe
c:\users\ahieo\onedrive\робочий стіл\пк-51\пдс\лаб_7\source\lab7\x64\release\lab7.pdb
c:\users\ahieo\onedrive\робочий стіл\пк-51\пдс\лаб_7\source\lab7\x64\release\lab7.tlog\cl.command.1.tlog
c:\users\ahieo\onedrive\робочий стіл\пк-51\пдс\лаб_7\source\lab7\x64\release\lab7.tlog\cl.read.1.tlog
c:\users\ahieo\onedrive\робочий стіл\пк-51\пдс\лаб_7\source\lab7\x64\release\lab7.tlog\cl.write.1.tlog
c:\users\ahieo\onedrive\робочий стіл\пк-51\пдс\лаб_7\source\lab7\x64\release\lab7.tlog\link.command.1.tlog
c:\users\ahieo\onedrive\робочий стіл\пк-51\пдс\лаб_7\source\lab7\x64\release\lab7.tlog\link.read.1.tlog
c:\users\ahieo\onedrive\робочий стіл\пк-51\пдс\лаб_7\source\lab7\x64\release\lab7.tlog\link.write.1.tlog
c:\users\ahieo\onedrive\робочий стіл\пк-51\пдс\лаб_7\source\lab7\x64\release\lab7.tlog\link.write.2u.tlog
