c:\users\ahieo\onedrive\робочий стіл\пк-51\пдс\лаб_7\source\lab7\x64\debug\vc143.pdb
c:\users\ahieo\onedrive\робочий стіл\пк-51\пдс\лаб_7\source\lab7\x64\debug\vc143.idb
c:\users\ahieo\onedrive\робочий стіл\пк-51\пдс\лаб_7\source\lab7\x64\debug\source.obj
c:\users\ahieo\onedrive\робочий стіл\пк-51\пдс\лаб_7\source\lab7\x64\debug\pathutil.obj
c:\users\ahieo\onedrive\робочий стіл\пк-51\пдс\лаб_7\source\lab7\x64\debug\instructionutil.obj
c:\users\ahieo\onedrive\робочий стіл\пк-51\пдс\лаб_7\source\lab7\x64\debug\graphreadinstr.obj
c:\users\ahieo\onedrive\робочий стіл\пк-51\пдс\лаб_7\source\lab7\x64\debug\graphreader.obj
c:\users\ahieo\onedrive\робочий стіл\пк-51\пдс\лаб_7\source\lab7\x64\debug\graphaddinstr.obj
c:\users\ahieo\onedrive\робочий стіл\пк-51\пдс\лаб_7\source\lab7\x64\debug\graphadding.obj
c:\users\ahieo\onedrive\робочий стіл\пк-51\пдс\лаб_7\source\lab7\x64\debug\graph.obj
c:\users\ahieo\onedrive\робочий стіл\пк-51\пдс\лаб_7\source\lab7\x64\debug\graphdegrees.obj
c:\users\ahieo\onedrive\робочий стіл\пк-51\пдс\лаб_7\source\lab7\x64\debug\isolatedvertices.obj
c:\users\ahieo\onedrive\робочий стіл\пк-51\пдс\лаб_7\source\lab7\x64\debug\pendantvertices.obj
c:\users\ahieo\onedrive\робочий стіл\пк-51\пдс\лаб_7\source\lab7\x64\debug\lab7.exe
c:\users\ahieo\onedrive\робочий стіл\пк-51\пдс\лаб_7\source\lab7\x64\debug\lab7.ilk
c:\users\ahieo\onedrive\робочий стіл\пк-51\пдс\лаб_7\source\lab7\x64\debug\lab7.pdb
c:\users\ahieo\onedrive\робочий стіл\пк-51\пдс\лаб_7\source\lab7\x64\debug\lab7.tlog\cl.command.1.tlog
c:\users\ahieo\onedrive\робочий стіл\пк-51\пдс\лаб_7\source\lab7\x64\debug\lab7.tlog\cl.read.1.tlog
c:\users\ahieo\onedrive\робочий стіл\пк-51\пдс\лаб_7\source\lab7\x64\debug\lab7.tlog\cl.write.1.tlog
c:\users\ahieo\onedrive\робочий стіл\пк-51\пдс\лаб_7\source\lab7\x64\debug\lab7.tlog\link.command.1.tlog
c:\users\ahieo\onedrive\робочий стіл\пк-51\пдс\лаб_7\source\lab7\x64\debug\lab7.tlog\link.read.1.tlog
c:\users\ahieo\onedrive\робочий стіл\пк-51\пдс\лаб_7\source\lab7\x64\debug\lab7.tlog\link.write.1.tlog
